<?xml version="1.0" encoding="UTF-8"?>
<testsuite name="ohtuesimerkki.StatisticsTest" tests="4" skipped="0" failures="0" errors="0" timestamp="2017-03-26T16:30:05" hostname="/0:0:0:0:0:0:0:1%lo" time="0.005">
  <properties/>
  <testcase name="statistiikatAlustuvatOikein" classname="ohtuesimerkki.StatisticsTest" time="0.004"/>
  <testcase name="vaaraaPelaajaaEiLoydy" classname="ohtuesimerkki.StatisticsTest" time="0.0"/>
  <testcase name="joukkueenPelaajatLoytyvat" classname="ohtuesimerkki.StatisticsTest" time="0.0"/>
  <testcase name="enitenPisteita" classname="ohtuesimerkki.StatisticsTest" time="0.0"/>
  <system-out><![CDATA[]]></system-out>
  <system-err><![CDATA[]]></system-err>
</testsuite>
